Using pre-set license
Built from '2021.3/staging' branch; Version is '2021.3.10f1 (1c7d0df0160b) revision 1867021'; Using compiler version '192829333'; Build Type 'Release'
OS: 'Windows 10  (10.0.19044) 64bit Professional' Language: 'pt' Physical Memory: 16165 MB
BatchMode: 1, IsHumanControllingUs: 0, StartBugReporterOnCrash: 0, Is64bit: 1, IsPro: 1

COMMAND LINE ARGUMENTS:
C:\Program Files\Unity\Hub\Editor\2021.3.10f1\Editor\Unity.exe
-adb2
-batchMode
-noUpm
-name
AssetImportWorker0
-projectPath
C:/Users/horlab306/Documents/Github/ProjetoKnight/ProjetoKnight
-logFile
Logs/AssetImportWorker0.log
-srvPort
50655
Successfully changed project path to: C:/Users/horlab306/Documents/Github/ProjetoKnight/ProjetoKnight
C:/Users/horlab306/Documents/Github/ProjetoKnight/ProjetoKnight
[UnityMemory] Configuration Parameters - Can be set up in boot.config
    "memorysetup-bucket-allocator-granularity=16"
    "memorysetup-bucket-allocator-bucket-count=8"
    "memorysetup-bucket-allocator-block-size=33554432"
    "memorysetup-bucket-allocator-block-count=8"
    "memorysetup-main-allocator-block-size=16777216"
    "memorysetup-thread-allocator-block-size=16777216"
    "memorysetup-gfx-main-allocator-block-size=16777216"
    "memorysetup-gfx-thread-allocator-block-size=16777216"
    "memorysetup-cache-allocator-block-size=4194304"
    "memorysetup-typetree-allocator-block-size=2097152"
    "memorysetup-profiler-bucket-allocator-granularity=16"
    "memorysetup-profiler-bucket-allocator-bucket-count=8"
    "memorysetup-profiler-bucket-allocator-block-size=33554432"
    "memorysetup-profiler-bucket-allocator-block-count=8"
    "memorysetup-profiler-allocator-block-size=16777216"
    "memorysetup-profiler-editor-allocator-block-size=1048576"
    "memorysetup-temp-allocator-size-main=16777216"
    "memorysetup-job-temp-allocator-block-size=2097152"
    "memorysetup-job-temp-allocator-block-size-background=1048576"
    "memorysetup-job-temp-allocator-reduction-small-platforms=262144"
    "memorysetup-temp-allocator-size-background-worker=32768"
    "memorysetup-temp-allocator-size-job-worker=262144"
    "memorysetup-temp-allocator-size-preload-manager=33554432"
    "memorysetup-temp-allocator-size-nav-mesh-worker=65536"
    "memorysetup-temp-allocator-size-audio-worker=65536"
    "memorysetup-temp-allocator-size-cloud-worker=32768"
    "memorysetup-temp-allocator-size-gi-baking-worker=262144"
    "memorysetup-temp-allocator-size-gfx=262144"
Refreshing native plugins compatible for Editor in 99.92 ms, found 4 plugins.
Preloading 0 native plugins for Editor in 0.00 ms.
Initialize engine version: 2021.3.10f1 (1c7d0df0160b)
[Subsystems] Discovering subsystems at path C:/Program Files/Unity/Hub/Editor/2021.3.10f1/Editor/Data/Resources/UnitySubsystems
[Subsystems] Discovering subsystems at path C:/Users/horlab306/Documents/Github/ProjetoKnight/ProjetoKnight/Assets
GfxDevice: creating device client; threaded=0; jobified=0
Direct3D:
    Version:  Direct3D 11.0 [level 11.1]
    Renderer: AMD Radeon R5 430 (ID=0x6611)
    Vendor:   ATI
    VRAM:     2028 MB
    Driver:   27.20.20903.8001
Initialize mono
Mono path[0] = 'C:/Program Files/Unity/Hub/Editor/2021.3.10f1/Editor/Data/Managed'
Mono path[1] = 'C:/Program Files/Unity/Hub/Editor/2021.3.10f1/Editor/Data/MonoBleedingEdge/lib/mono/unityjit-win32'
Mono config path = 'C:/Program Files/Unity/Hub/Editor/2021.3.10f1/Editor/Data/MonoBleedingEdge/etc'
Using monoOptions --debugger-agent=transport=dt_socket,embedding=1,server=y,suspend=n,address=127.0.0.1:56604
Begin MonoManager ReloadAssembly
Registering precompiled unity dll's ...
Register platform support module: C:/Program Files/Unity/Hub/Editor/2021.3.10f1/Editor/Data/PlaybackEngines/WebGLSupport/UnityEditor.WebGL.Extensions.dll
Register platform support module: C:/Program Files/Unity/Hub/Editor/2021.3.10f1/Editor/Data/PlaybackEngines/WindowsStandaloneSupport/UnityEditor.WindowsStandalone.Extensions.dll
Registered in 0.010660 seconds.
Native extension for WindowsStandalone target not found
Native extension for WebGL target not found
Refreshing native plugins compatible for Editor in 89.43 ms, found 4 plugins.
Preloading 0 native plugins for Editor in 0.00 ms.
Mono: successfully reloaded assembly
- Completed reload, in  0.641 seconds
Domain Reload Profiling:
	ReloadAssembly (641ms)
		BeginReloadAssembly (95ms)
			ExecutionOrderSort (0ms)
			DisableScriptedObjects (0ms)
			BackupInstance (0ms)
			ReleaseScriptingObjects (0ms)
			CreateAndSetChildDomain (1ms)
		EndReloadAssembly (425ms)
			LoadAssemblies (92ms)
			RebuildTransferFunctionScriptingTraits (0ms)
			SetupTypeCache (97ms)
			ReleaseScriptCaches (0ms)
			RebuildScriptCaches (28ms)
			SetupLoadedEditorAssemblies (251ms)
				LogAssemblyErrors (0ms)
				InitializePlatformSupportModulesInManaged (9ms)
				SetLoadedEditorAssemblies (0ms)
				RefreshPlugins (90ms)
				BeforeProcessingInitializeOnLoad (1ms)
				ProcessInitializeOnLoadAttributes (109ms)
				ProcessInitializeOnLoadMethodAttributes (41ms)
				AfterProcessingInitializeOnLoad (0ms)
				EditorAssembliesLoaded (0ms)
			ExecutionOrderSort2 (0ms)
			AwakeInstancesAfterBackupRestoration (0ms)
Platform modules already initialized, skipping
Registering precompiled user dll's ...
Registered in 0.011066 seconds.
Begin MonoManager ReloadAssembly
Symbol file LoadedFromMemory doesn't match image C:\Users\horlab306\Documents\Github\ProjetoKnight\ProjetoKnight\Library\PackageCache\com.unity.visualscripting@1.7.8\Editor\VisualScripting.Core\Dependencies\YamlDotNet\Unity.VisualScripting.YamlDotNet.dll
Symbol file LoadedFromMemory doesn't match image C:\Users\horlab306\Documents\Github\ProjetoKnight\ProjetoKnight\Library\PackageCache\com.unity.visualscripting@1.7.8\Editor\VisualScripting.Core\Dependencies\DotNetZip\Unity.VisualScripting.IonicZip.dll
Native extension for WindowsStandalone target not found
Native extension for WebGL target not found
Refreshing native plugins compatible for Editor in 87.09 ms, found 4 plugins.
Preloading 0 native plugins for Editor in 0.00 ms.
Mono: successfully reloaded assembly
- Completed reload, in  1.110 seconds
Domain Reload Profiling:
	ReloadAssembly (1111ms)
		BeginReloadAssembly (121ms)
			ExecutionOrderSort (0ms)
			DisableScriptedObjects (5ms)
			BackupInstance (0ms)
			ReleaseScriptingObjects (0ms)
			CreateAndSetChildDomain (19ms)
		EndReloadAssembly (874ms)
			LoadAssemblies (101ms)
			RebuildTransferFunctionScriptingTraits (0ms)
			SetupTypeCache (225ms)
			ReleaseScriptCaches (1ms)
			RebuildScriptCaches (49ms)
			SetupLoadedEditorAssemblies (462ms)
				LogAssemblyErrors (0ms)
				InitializePlatformSupportModulesInManaged (7ms)
				SetLoadedEditorAssemblies (0ms)
				RefreshPlugins (87ms)
				BeforeProcessingInitializeOnLoad (101ms)
				ProcessInitializeOnLoadAttributes (215ms)
				ProcessInitializeOnLoadMethodAttributes (40ms)
				AfterProcessingInitializeOnLoad (11ms)
				EditorAssembliesLoaded (0ms)
			ExecutionOrderSort2 (0ms)
			AwakeInstancesAfterBackupRestoration (7ms)
Platform modules already initialized, skipping
========================================================================
Worker process is ready to serve import requests
Launched and connected shader compiler UnityShaderCompiler.exe after 0.08 seconds
Refreshing native plugins compatible for Editor in 0.91 ms, found 4 plugins.
Preloading 0 native plugins for Editor in 0.00 ms.
Unloading 4075 Unused Serialized files (Serialized files now loaded: 0)
Unloading 44 unused Assets / (229.0 KB). Loaded Objects now: 4525.
Memory consumption went from 151.7 MB to 151.5 MB.
Total: 3.816000 ms (FindLiveObjects: 0.345800 ms CreateObjectMapping: 0.349200 ms MarkObjects: 2.942400 ms  DeleteObjects: 0.178100 ms)

AssetImportParameters requested are different than current active one (requested -> active):
  custom:video-decoder-ogg-theora: a1e56fd34408186e4bbccfd4996cb3dc -> 
  custom:container-muxer-webm: aa71ff27fc2769a1b78a27578f13a17b -> 
  custom:container-demuxer-webm: 4f35f7cbe854078d1ac9338744f61a02 -> 
  custom:video-encoder-webm-vp8: eb34c28f22e8b96e1ab97ce403110664 -> 
  custom:audio-encoder-webm-vorbis: bf7c407c2cedff20999df2af8eb42d56 -> 
  custom:framework-win-MediaFoundation: 216162199b28c13a410421893ffa2e32 -> 
  custom:container-demuxer-ogg: 62fdf1f143b41e24485cea50d1cbac27 -> 
  custom:video-decoder-webm-vp8: 9c59270c3fd7afecdb556c50c9e8de78 -> 
  custom:audio-decoder-ogg-vorbis: bf7c407c2cedff20999df2af8eb42d56 -> 
========================================================================
Received Import Request.
  Time since last request: 1159548.365165 seconds.
  path: Assets/Top Down Adventure Assets/Visuals/ENVIRONMENT/tilesets/tileset-world.png
  artifactKey: Guid(b8814c83d33f044eaa43a507df945000) Importer(815301076,1909f56bfc062723c751e8b465ee728b)
Start importing Assets/Top Down Adventure Assets/Visuals/ENVIRONMENT/tilesets/tileset-world.png using Guid(b8814c83d33f044eaa43a507df945000) Importer(815301076,1909f56bfc062723c751e8b465ee728b)  -> (artifact id: '658fae03b3b5c83b2cb3781d0f227756') in 0.182374 seconds 
========================================================================
Received Import Request.
  Time since last request: 6.297874 seconds.
  path: Assets/Top Down Adventure Assets/Visuals/ENVIRONMENT/tilesets/tileset-world.png
  artifactKey: Guid(b8814c83d33f044eaa43a507df945000) Importer(815301076,1909f56bfc062723c751e8b465ee728b)
Start importing Assets/Top Down Adventure Assets/Visuals/ENVIRONMENT/tilesets/tileset-world.png using Guid(b8814c83d33f044eaa43a507df945000) Importer(815301076,1909f56bfc062723c751e8b465ee728b)  -> (artifact id: 'fbef7310e552e27e3c018588490190d3') in 0.072212 seconds 
========================================================================
Received Import Request.
  Time since last request: 132.325962 seconds.
  path: Assets/Top Down Adventure Assets/Visuals/ENVIRONMENT/tilesets/tileset-world.png
  artifactKey: Guid(b8814c83d33f044eaa43a507df945000) Importer(815301076,1909f56bfc062723c751e8b465ee728b)
Start importing Assets/Top Down Adventure Assets/Visuals/ENVIRONMENT/tilesets/tileset-world.png using Guid(b8814c83d33f044eaa43a507df945000) Importer(815301076,1909f56bfc062723c751e8b465ee728b)  -> (artifact id: 'adae325f81e2d3fa5229ea9ffa3e9005') in 0.062161 seconds 
========================================================================
Received Import Request.
  Time since last request: 197.511930 seconds.
  path: Assets/Top Down Adventure Assets/Visuals/ENVIRONMENT/tilesets/tileset-world.png
  artifactKey: Guid(b8814c83d33f044eaa43a507df945000) Importer(815301076,1909f56bfc062723c751e8b465ee728b)
Start importing Assets/Top Down Adventure Assets/Visuals/ENVIRONMENT/tilesets/tileset-world.png using Guid(b8814c83d33f044eaa43a507df945000) Importer(815301076,1909f56bfc062723c751e8b465ee728b)  -> (artifact id: '068a148ec21230ff33293f201bf4b89d') in 0.085625 seconds 
========================================================================
Received Import Request.
  Time since last request: 109.066975 seconds.
  path: Assets/Top Down Adventure Assets/Visuals/ENVIRONMENT/tilesets/tileset-world.png
  artifactKey: Guid(b8814c83d33f044eaa43a507df945000) Importer(815301076,1909f56bfc062723c751e8b465ee728b)
Start importing Assets/Top Down Adventure Assets/Visuals/ENVIRONMENT/tilesets/tileset-world.png using Guid(b8814c83d33f044eaa43a507df945000) Importer(815301076,1909f56bfc062723c751e8b465ee728b)  -> (artifact id: '11bbfd9d75c7a9e706bac0e8850be38e') in 0.064955 seconds 
========================================================================
Received Import Request.
  Time since last request: 75.388803 seconds.
  path: Assets/Top Down Adventure Assets/Visuals/ENVIRONMENT/tilesets/tileset-world.png
  artifactKey: Guid(b8814c83d33f044eaa43a507df945000) Importer(815301076,1909f56bfc062723c751e8b465ee728b)
Start importing Assets/Top Down Adventure Assets/Visuals/ENVIRONMENT/tilesets/tileset-world.png using Guid(b8814c83d33f044eaa43a507df945000) Importer(815301076,1909f56bfc062723c751e8b465ee728b)  -> (artifact id: 'b84c8768cc0b649fedad3e8dee911ec2') in 0.080809 seconds 
========================================================================
Received Import Request.
  Time since last request: 136.296532 seconds.
  path: Assets/Top Down Adventure Assets/Visuals/ENVIRONMENT/tilesets/tileset-world.png
  artifactKey: Guid(b8814c83d33f044eaa43a507df945000) Importer(815301076,1909f56bfc062723c751e8b465ee728b)
Start importing Assets/Top Down Adventure Assets/Visuals/ENVIRONMENT/tilesets/tileset-world.png using Guid(b8814c83d33f044eaa43a507df945000) Importer(815301076,1909f56bfc062723c751e8b465ee728b)  -> (artifact id: '4bf1106755513fb400a0da82325d0830') in 0.067368 seconds 
========================================================================
Received Import Request.
  Time since last request: 442.696354 seconds.
  path: Assets/Top Down Adventure Assets/Visuals/ENVIRONMENT/cave-trap/1.png
  artifactKey: Guid(f18b765a6f15c40428cd3ba058609e34) Importer(815301076,1909f56bfc062723c751e8b465ee728b)
Start importing Assets/Top Down Adventure Assets/Visuals/ENVIRONMENT/cave-trap/1.png using Guid(f18b765a6f15c40428cd3ba058609e34) Importer(815301076,1909f56bfc062723c751e8b465ee728b)  -> (artifact id: 'b34d494e71ea2b3099c21b06294d189b') in 0.028816 seconds 
========================================================================
Received Import Request.
  Time since last request: 7.389861 seconds.
  path: Assets/Top Down Adventure Assets/Visuals/CHARACTERS/player/hero1.png
  artifactKey: Guid(78d03ce1d36c540d5a183e4b042d3afb) Importer(815301076,1909f56bfc062723c751e8b465ee728b)
Start importing Assets/Top Down Adventure Assets/Visuals/CHARACTERS/player/hero1.png using Guid(78d03ce1d36c540d5a183e4b042d3afb) Importer(815301076,1909f56bfc062723c751e8b465ee728b)  -> (artifact id: '16d4d45503d2bf24a01c81520c885c27') in 0.038723 seconds 
========================================================================
Received Import Request.
  Time since last request: 0.000015 seconds.
  path: Assets/Top Down Adventure Assets/Visuals/CHARACTERS/player/hero7.png
  artifactKey: Guid(63a766a7f307f49409668b84d9dd5cb0) Importer(815301076,1909f56bfc062723c751e8b465ee728b)
Start importing Assets/Top Down Adventure Assets/Visuals/CHARACTERS/player/hero7.png using Guid(63a766a7f307f49409668b84d9dd5cb0) Importer(815301076,1909f56bfc062723c751e8b465ee728b)  -> (artifact id: '2e163ceb17e727c9bd7e59f2cb66a1bd') in 0.042250 seconds 
========================================================================
Received Import Request.
  Time since last request: 0.000019 seconds.
  path: Assets/Top Down Adventure Assets/Visuals/CHARACTERS/player/hero13.png
  artifactKey: Guid(27f23eab49f3b418e91095d09e5f8a25) Importer(815301076,1909f56bfc062723c751e8b465ee728b)
Start importing Assets/Top Down Adventure Assets/Visuals/CHARACTERS/player/hero13.png using Guid(27f23eab49f3b418e91095d09e5f8a25) Importer(815301076,1909f56bfc062723c751e8b465ee728b)  -> (artifact id: '8a0ba027d479e82eaee92b691dce3b62') in 0.029981 seconds 
========================================================================
Received Import Request.
  Time since last request: 0.000014 seconds.
  path: Assets/Top Down Adventure Assets/Visuals/CHARACTERS/player/hero15.png
  artifactKey: Guid(3aef8abc03ec1473f880af90e3a363b1) Importer(815301076,1909f56bfc062723c751e8b465ee728b)
Start importing Assets/Top Down Adventure Assets/Visuals/CHARACTERS/player/hero15.png using Guid(3aef8abc03ec1473f880af90e3a363b1) Importer(815301076,1909f56bfc062723c751e8b465ee728b)  -> (artifact id: '8953f81eed04f0a02a9bf1151d42281e') in 0.025024 seconds 
========================================================================
Received Import Request.
  Time since last request: 0.000062 seconds.
  path: Assets/Top Down Adventure Assets/Visuals/CHARACTERS/player/hero10.png
  artifactKey: Guid(13fdaf175205e4b59bae159aecf31378) Importer(815301076,1909f56bfc062723c751e8b465ee728b)
Start importing Assets/Top Down Adventure Assets/Visuals/CHARACTERS/player/hero10.png using Guid(13fdaf175205e4b59bae159aecf31378) Importer(815301076,1909f56bfc062723c751e8b465ee728b)  -> (artifact id: '8de03f6d5740d824939da5e0b7695dec') in 0.023856 seconds 
========================================================================
Received Import Request.
  Time since last request: 0.000022 seconds.
  path: Assets/Top Down Adventure Assets/Visuals/CHARACTERS/player/hero12.png
  artifactKey: Guid(53e054d5dfb5a40b68499e10f70d27b2) Importer(815301076,1909f56bfc062723c751e8b465ee728b)
Start importing Assets/Top Down Adventure Assets/Visuals/CHARACTERS/player/hero12.png using Guid(53e054d5dfb5a40b68499e10f70d27b2) Importer(815301076,1909f56bfc062723c751e8b465ee728b)  -> (artifact id: '22ade19a24ec93acf7e91cd536de7bd9') in 0.028003 seconds 
========================================================================
Received Import Request.
  Time since last request: 0.000016 seconds.
  path: Assets/Top Down Adventure Assets/Visuals/CHARACTERS/player/hero9.png
  artifactKey: Guid(4643618a4cdd243cfbfdc8c12a87fb21) Importer(815301076,1909f56bfc062723c751e8b465ee728b)
Start importing Assets/Top Down Adventure Assets/Visuals/CHARACTERS/player/hero9.png using Guid(4643618a4cdd243cfbfdc8c12a87fb21) Importer(815301076,1909f56bfc062723c751e8b465ee728b)  -> (artifact id: 'f121486c4a1e4198d2a33028488e0893') in 0.021425 seconds 
========================================================================
Received Import Request.
  Time since last request: 32.425716 seconds.
  path: Assets/Top Down Adventure Assets/Visuals/CHARACTERS/npc/Girl/1.png
  artifactKey: Guid(4225f9c79de1146c7992166dd9451c4e) Importer(815301076,1909f56bfc062723c751e8b465ee728b)
Start importing Assets/Top Down Adventure Assets/Visuals/CHARACTERS/npc/Girl/1.png using Guid(4225f9c79de1146c7992166dd9451c4e) Importer(815301076,1909f56bfc062723c751e8b465ee728b)  -> (artifact id: '5b5d38f173955b1d1d42937bcd95fcd2') in 0.022660 seconds 
========================================================================
Received Prepare
Registering precompiled user dll's ...
Registered in 0.013886 seconds.
Begin MonoManager ReloadAssembly
Symbol file LoadedFromMemory doesn't match image C:\Users\horlab306\Documents\Github\ProjetoKnight\ProjetoKnight\Library\PackageCache\com.unity.visualscripting@1.7.8\Editor\VisualScripting.Core\Dependencies\YamlDotNet\Unity.VisualScripting.YamlDotNet.dll
Symbol file LoadedFromMemory doesn't match image C:\Users\horlab306\Documents\Github\ProjetoKnight\ProjetoKnight\Library\PackageCache\com.unity.visualscripting@1.7.8\Editor\VisualScripting.Core\Dependencies\DotNetZip\Unity.VisualScripting.IonicZip.dll
Native extension for WindowsStandalone target not found
Native extension for WebGL target not found
Refreshing native plugins compatible for Editor in 1.03 ms, found 4 plugins.
Preloading 0 native plugins for Editor in 0.00 ms.
Mono: successfully reloaded assembly
- Completed reload, in  1.279 seconds
Domain Reload Profiling:
	ReloadAssembly (1279ms)
		BeginReloadAssembly (155ms)
			ExecutionOrderSort (0ms)
			DisableScriptedObjects (6ms)
			BackupInstance (0ms)
			ReleaseScriptingObjects (0ms)
			CreateAndSetChildDomain (38ms)
		EndReloadAssembly (994ms)
			LoadAssemblies (135ms)
			RebuildTransferFunctionScriptingTraits (0ms)
			SetupTypeCache (303ms)
			ReleaseScriptCaches (1ms)
			RebuildScriptCaches (54ms)
			SetupLoadedEditorAssemblies (452ms)
				LogAssemblyErrors (0ms)
				InitializePlatformSupportModulesInManaged (20ms)
				SetLoadedEditorAssemblies (1ms)
				RefreshPlugins (1ms)
				BeforeProcessingInitializeOnLoad (108ms)
				ProcessInitializeOnLoadAttributes (260ms)
				ProcessInitializeOnLoadMethodAttributes (48ms)
				AfterProcessingInitializeOnLoad (13ms)
				EditorAssembliesLoaded (0ms)
			ExecutionOrderSort2 (0ms)
			AwakeInstancesAfterBackupRestoration (11ms)
Platform modules already initialized, skipping
Refreshing native plugins compatible for Editor in 4.77 ms, found 4 plugins.
Preloading 0 native plugins for Editor in 0.00 ms.
Unloading 4068 Unused Serialized files (Serialized files now loaded: 0)
Unloading 31 unused Assets / (195.4 KB). Loaded Objects now: 4545.
Memory consumption went from 155.9 MB to 155.7 MB.
Total: 4.899200 ms (FindLiveObjects: 0.477000 ms CreateObjectMapping: 0.361400 ms MarkObjects: 3.744600 ms  DeleteObjects: 0.315000 ms)

AssetImportParameters requested are different than current active one (requested -> active):
  custom:video-decoder-ogg-theora: a1e56fd34408186e4bbccfd4996cb3dc -> 
  custom:container-muxer-webm: aa71ff27fc2769a1b78a27578f13a17b -> 
  custom:container-demuxer-webm: 4f35f7cbe854078d1ac9338744f61a02 -> 
  custom:video-encoder-webm-vp8: eb34c28f22e8b96e1ab97ce403110664 -> 
  custom:audio-encoder-webm-vorbis: bf7c407c2cedff20999df2af8eb42d56 -> 
  custom:framework-win-MediaFoundation: 216162199b28c13a410421893ffa2e32 -> 
  custom:container-demuxer-ogg: 62fdf1f143b41e24485cea50d1cbac27 -> 
  custom:video-decoder-webm-vp8: 9c59270c3fd7afecdb556c50c9e8de78 -> 
  custom:audio-decoder-ogg-vorbis: bf7c407c2cedff20999df2af8eb42d56 -> 
========================================================================
Received Import Request.
  Time since last request: 74.895551 seconds.
  path: Assets/Top Down Adventure Assets/Visuals/CHARACTERS/npc/hood/poor-kid1.png
  artifactKey: Guid(9d96818e7b4ba4fedb4f5e03a7ffe741) Importer(815301076,1909f56bfc062723c751e8b465ee728b)
Start importing Assets/Top Down Adventure Assets/Visuals/CHARACTERS/npc/hood/poor-kid1.png using Guid(9d96818e7b4ba4fedb4f5e03a7ffe741) Importer(815301076,1909f56bfc062723c751e8b465ee728b)  -> (artifact id: 'b05bac30e426d9eb0f4dca3be0947232') in 0.059529 seconds 
========================================================================
Received Import Request.
  Time since last request: 0.781755 seconds.
  path: Assets/Top Down Adventure Assets/Visuals/CHARACTERS/npc/kid/1.png
  artifactKey: Guid(d14cecebfff034ba39a49cc38e95e1b8) Importer(815301076,1909f56bfc062723c751e8b465ee728b)
Start importing Assets/Top Down Adventure Assets/Visuals/CHARACTERS/npc/kid/1.png using Guid(d14cecebfff034ba39a49cc38e95e1b8) Importer(815301076,1909f56bfc062723c751e8b465ee728b)  -> (artifact id: '7a031e1f09b0ebaa96f286944a73f9bf') in 0.031220 seconds 
========================================================================
Received Import Request.
  Time since last request: 0.776656 seconds.
  path: Assets/Top Down Adventure Assets/Visuals/CHARACTERS/npc/miner/1.png
  artifactKey: Guid(b8c8d2c3d0f3844a482ace7ddcb2574b) Importer(815301076,1909f56bfc062723c751e8b465ee728b)
Start importing Assets/Top Down Adventure Assets/Visuals/CHARACTERS/npc/miner/1.png using Guid(b8c8d2c3d0f3844a482ace7ddcb2574b) Importer(815301076,1909f56bfc062723c751e8b465ee728b)  -> (artifact id: '7ebee8551a731520fb5295e1b51feff3') in 0.033071 seconds 
========================================================================
Received Import Request.
  Time since last request: 2.793156 seconds.
  path: Assets/Top Down Adventure Assets/Visuals/CHARACTERS/npc/OldWoman/1.png
  artifactKey: Guid(4f4a24271d363431297b5790cddf88d7) Importer(815301076,1909f56bfc062723c751e8b465ee728b)
Start importing Assets/Top Down Adventure Assets/Visuals/CHARACTERS/npc/OldWoman/1.png using Guid(4f4a24271d363431297b5790cddf88d7) Importer(815301076,1909f56bfc062723c751e8b465ee728b)  -> (artifact id: '5483efceb8e31913df44699a5a23b8aa') in 0.033951 seconds 
========================================================================
Received Import Request.
  Time since last request: 0.839740 seconds.
  path: Assets/Top Down Adventure Assets/Visuals/CHARACTERS/npc/Sage/1.png
  artifactKey: Guid(6e526ef3a847d49609da9d0cd9acb2f6) Importer(815301076,1909f56bfc062723c751e8b465ee728b)
Start importing Assets/Top Down Adventure Assets/Visuals/CHARACTERS/npc/Sage/1.png using Guid(6e526ef3a847d49609da9d0cd9acb2f6) Importer(815301076,1909f56bfc062723c751e8b465ee728b)  -> (artifact id: '19d2b8e3e6689469d35fdfe647f2f87d') in 0.042300 seconds 
========================================================================
Received Import Request.
  Time since last request: 0.541902 seconds.
  path: Assets/Top Down Adventure Assets/Visuals/CHARACTERS/npc/Woman/1.png
  artifactKey: Guid(ae95722a82f8046e083d79839425b46f) Importer(815301076,1909f56bfc062723c751e8b465ee728b)
Start importing Assets/Top Down Adventure Assets/Visuals/CHARACTERS/npc/Woman/1.png using Guid(ae95722a82f8046e083d79839425b46f) Importer(815301076,1909f56bfc062723c751e8b465ee728b)  -> (artifact id: '6025bc7bfe92bc1afad0346e02251fc8') in 0.030292 seconds 
========================================================================
Received Import Request.
  Time since last request: 63.467302 seconds.
  path: Assets/Top Down Adventure Assets/Visuals/CHARACTERS/npc/cap/1.png
  artifactKey: Guid(8dfc93a197e8745b2805ed63f5b184d9) Importer(815301076,1909f56bfc062723c751e8b465ee728b)
Start importing Assets/Top Down Adventure Assets/Visuals/CHARACTERS/npc/cap/1.png using Guid(8dfc93a197e8745b2805ed63f5b184d9) Importer(815301076,1909f56bfc062723c751e8b465ee728b)  -> (artifact id: 'ff80589ff58385f9337f763303209ff3') in 0.033367 seconds 
========================================================================
Received Import Request.
  Time since last request: 0.671574 seconds.
  path: Assets/Top Down Adventure Assets/Visuals/CHARACTERS/npc/dog/1.png
  artifactKey: Guid(2e9dcb0b6a3244ad9b171c6ba5bac782) Importer(815301076,1909f56bfc062723c751e8b465ee728b)
Start importing Assets/Top Down Adventure Assets/Visuals/CHARACTERS/npc/dog/1.png using Guid(2e9dcb0b6a3244ad9b171c6ba5bac782) Importer(815301076,1909f56bfc062723c751e8b465ee728b)  -> (artifact id: 'a41104229f3a9bad1a258ca197ca64d5') in 0.018095 seconds 
========================================================================
Received Import Request.
  Time since last request: 0.687866 seconds.
  path: Assets/Top Down Adventure Assets/Visuals/CHARACTERS/npc/frog/frog1.png
  artifactKey: Guid(249230eea0d1740f58df58df278ef6a8) Importer(815301076,1909f56bfc062723c751e8b465ee728b)
Start importing Assets/Top Down Adventure Assets/Visuals/CHARACTERS/npc/frog/frog1.png using Guid(249230eea0d1740f58df58df278ef6a8) Importer(815301076,1909f56bfc062723c751e8b465ee728b)  -> (artifact id: '959a4ea31dfc32e6d9a3b7c37bfdd447') in 0.029265 seconds 
========================================================================
Received Import Request.
  Time since last request: 1262.425404 seconds.
  path: Assets/Top Down Adventure Assets/Visuals/ENVIRONMENT/cave-trap
  artifactKey: Guid(a66c11019c41944f499b59030fca74fa) Importer(815301076,1909f56bfc062723c751e8b465ee728b)
Start importing Assets/Top Down Adventure Assets/Visuals/ENVIRONMENT/cave-trap using Guid(a66c11019c41944f499b59030fca74fa) Importer(815301076,1909f56bfc062723c751e8b465ee728b)  -> (artifact id: '5385f60017d3c2937c623ccdebddc460') in 0.006268 seconds 
